Determining if the pthread_create exist failed with the following output:
Change Dir: /home/amov/huasflylab/offb/build/offboard/CMakeFiles/CMakeTmp

Run Build Command:"/usr/bin/make" "cmTC_fecbb/fast"
/usr/bin/make -f CMakeFiles/cmTC_fecbb.dir/build.make CMakeFiles/cmTC_fecbb.dir/build
make[1]: Entering directory '/home/amov/huasflylab/offb/build/offboard/CMakeFiles/CMakeTmp'
Building C object CMakeFiles/cmTC_fecbb.dir/CheckSymbolExists.c.o
/usr/bin/cc    -o CMakeFiles/cmTC_fecbb.dir/CheckSymbolExists.c.o   -c /home/amov/huasflylab/offb/build/offboard/CMakeFiles/CMakeTmp/CheckSymbolExists.c
Linking C executable cmTC_fecbb
/usr/bin/cmake -E cmake_link_script CMakeFiles/cmTC_fecbb.dir/link.txt --verbose=1
/usr/bin/cc      -rdynamic CMakeFiles/cmTC_fecbb.dir/CheckSymbolExists.c.o  -o cmTC_fecbb 
CMakeFiles/cmTC_fecbb.dir/CheckSymbolExists.c.o: In function `main':
CheckSymbolExists.c:(.text+0x14): undefined reference to `pthread_create'
CheckSymbolExists.c:(.text+0x18): undefined reference to `pthread_create'
collect2: error: ld returned 1 exit status
CMakeFiles/cmTC_fecbb.dir/build.make:97: recipe for target 'cmTC_fecbb' failed
make[1]: *** [cmTC_fecbb] Error 1
make[1]: Leaving directory '/home/amov/huasflylab/offb/build/offboard/CMakeFiles/CMakeTmp'
Makefile:126: recipe for target 'cmTC_fecbb/fast' failed
make: *** [cmTC_fecbb/fast] Error 2

File /home/amov/huasflylab/offb/build/offboard/CMakeFiles/CMakeTmp/CheckSymbolExists.c:
/* */
#include <pthread.h>

int main(int argc, char** argv)
{
  (void)argv;
#ifndef pthread_create
  return ((int*)(&pthread_create))[argc];
#else
  (void)argc;
  return 0;
#endif
}

Determining if the function pthread_create exists in the pthreads failed with the following output:
Change Dir: /home/amov/huasflylab/offb/build/offboard/CMakeFiles/CMakeTmp

Run Build Command:"/usr/bin/make" "cmTC_3e22e/fast"
/usr/bin/make -f CMakeFiles/cmTC_3e22e.dir/build.make CMakeFiles/cmTC_3e22e.dir/build
make[1]: Entering directory '/home/amov/huasflylab/offb/build/offboard/CMakeFiles/CMakeTmp'
Building C object CMakeFiles/cmTC_3e22e.dir/CheckFunctionExists.c.o
/usr/bin/cc   -DCHECK_FUNCTION_EXISTS=pthread_create   -o CMakeFiles/cmTC_3e22e.dir/CheckFunctionExists.c.o   -c /usr/share/cmake-3.10/Modules/CheckFunctionExists.c
Linking C executable cmTC_3e22e
/usr/bin/cmake -E cmake_link_script CMakeFiles/cmTC_3e22e.dir/link.txt --verbose=1
/usr/bin/cc  -DCHECK_FUNCTION_EXISTS=pthread_create    -rdynamic CMakeFiles/cmTC_3e22e.dir/CheckFunctionExists.c.o  -o cmTC_3e22e -lpthreads 
/usr/bin/ld: cannot find -lpthreads
collect2: error: ld returned 1 exit status
CMakeFiles/cmTC_3e22e.dir/build.make:97: recipe for target 'cmTC_3e22e' failed
make[1]: *** [cmTC_3e22e] Error 1
make[1]: Leaving directory '/home/amov/huasflylab/offb/build/offboard/CMakeFiles/CMakeTmp'
Makefile:126: recipe for target 'cmTC_3e22e/fast' failed
make: *** [cmTC_3e22e/fast] Error 2


