Determining if the pthread_create exist failed with the following output:
Change Dir: /home/amov/huasflylab/catkin_ws/build/catkin_tools_prebuild/CMakeFiles/CMakeTmp

Run Build Command:"/usr/bin/make" "cmTC_3843c/fast"
/usr/bin/make -f CMakeFiles/cmTC_3843c.dir/build.make CMakeFiles/cmTC_3843c.dir/build
make[1]: Entering directory '/home/amov/huasflylab/catkin_ws/build/catkin_tools_prebuild/CMakeFiles/CMakeTmp'
Building C object CMakeFiles/cmTC_3843c.dir/CheckSymbolExists.c.o
/usr/bin/cc    -o CMakeFiles/cmTC_3843c.dir/CheckSymbolExists.c.o   -c /home/amov/huasflylab/catkin_ws/build/catkin_tools_prebuild/CMakeFiles/CMakeTmp/CheckSymbolExists.c
Linking C executable cmTC_3843c
/usr/bin/cmake -E cmake_link_script CMakeFiles/cmTC_3843c.dir/link.txt --verbose=1
/usr/bin/cc      -rdynamic CMakeFiles/cmTC_3843c.dir/CheckSymbolExists.c.o  -o cmTC_3843c 
CMakeFiles/cmTC_3843c.dir/CheckSymbolExists.c.o: In function `main':
CheckSymbolExists.c:(.text+0x14): undefined reference to `pthread_create'
CheckSymbolExists.c:(.text+0x18): undefined reference to `pthread_create'
collect2: error: ld returned 1 exit status
CMakeFiles/cmTC_3843c.dir/build.make:97: recipe for target 'cmTC_3843c' failed
make[1]: *** [cmTC_3843c] Error 1
make[1]: Leaving directory '/home/amov/huasflylab/catkin_ws/build/catkin_tools_prebuild/CMakeFiles/CMakeTmp'
Makefile:126: recipe for target 'cmTC_3843c/fast' failed
make: *** [cmTC_3843c/fast] Error 2

File /home/amov/huasflylab/catkin_ws/build/catkin_tools_prebuild/CMakeFiles/CMakeTmp/CheckSymbolExists.c:
/* */
#include <pthread.h>

int main(int argc, char** argv)
{
  (void)argv;
#ifndef pthread_create
  return ((int*)(&pthread_create))[argc];
#else
  (void)argc;
  return 0;
#endif
}

Determining if the function pthread_create exists in the pthreads failed with the following output:
Change Dir: /home/amov/huasflylab/catkin_ws/build/catkin_tools_prebuild/CMakeFiles/CMakeTmp

Run Build Command:"/usr/bin/make" "cmTC_58868/fast"
/usr/bin/make -f CMakeFiles/cmTC_58868.dir/build.make CMakeFiles/cmTC_58868.dir/build
make[1]: Entering directory '/home/amov/huasflylab/catkin_ws/build/catkin_tools_prebuild/CMakeFiles/CMakeTmp'
Building C object CMakeFiles/cmTC_58868.dir/CheckFunctionExists.c.o
/usr/bin/cc   -DCHECK_FUNCTION_EXISTS=pthread_create   -o CMakeFiles/cmTC_58868.dir/CheckFunctionExists.c.o   -c /usr/share/cmake-3.10/Modules/CheckFunctionExists.c
Linking C executable cmTC_58868
/usr/bin/cmake -E cmake_link_script CMakeFiles/cmTC_58868.dir/link.txt --verbose=1
/usr/bin/cc  -DCHECK_FUNCTION_EXISTS=pthread_create    -rdynamic CMakeFiles/cmTC_58868.dir/CheckFunctionExists.c.o  -o cmTC_58868 -lpthreads 
/usr/bin/ld: cannot find -lpthreads
collect2: error: ld returned 1 exit status
CMakeFiles/cmTC_58868.dir/build.make:97: recipe for target 'cmTC_58868' failed
make[1]: *** [cmTC_58868] Error 1
make[1]: Leaving directory '/home/amov/huasflylab/catkin_ws/build/catkin_tools_prebuild/CMakeFiles/CMakeTmp'
Makefile:126: recipe for target 'cmTC_58868/fast' failed
make: *** [cmTC_58868/fast] Error 2


