Symlinking /home/amov/huasflylab/catkin_ws/devel/lib/libpx4_realsense_bridge.so
Symlinking /home/amov/huasflylab/catkin_ws/devel/lib/px4_realsense_bridge/px4_realsense_bridge_node
Symlinking /home/amov/huasflylab/catkin_ws/devel/lib/pkgconfig/px4_realsense_bridge.pc
Symlinking /home/amov/huasflylab/catkin_ws/devel/share/px4_realsense_bridge/cmake/px4_realsense_bridgeConfig.cmake
Symlinking /home/amov/huasflylab/catkin_ws/devel/share/px4_realsense_bridge/cmake/px4_realsense_bridgeConfig-version.cmake
Cleaning: (/home/amov/huasflylab/t265/devel/.private/px4_realsense_bridge/cmake.lock, /home/amov/huasflylab/t265/devel/./cmake.lock)
Cleaning: (/home/amov/huasflylab/t265/devel/.private/px4_realsense_bridge/lib/libpx4_realsense_bridge.so, /home/amov/huasflylab/t265/devel/lib/libpx4_realsense_bridge.so)
Cleaning: (/home/amov/huasflylab/t265/devel/.private/px4_realsense_bridge/lib/px4_realsense_bridge/px4_realsense_bridge_node, /home/amov/huasflylab/t265/devel/lib/px4_realsense_bridge/px4_realsense_bridge_node)
Cleaning: (/home/amov/huasflylab/t265/devel/.private/px4_realsense_bridge/lib/pkgconfig/px4_realsense_bridge.pc, /home/amov/huasflylab/t265/devel/lib/pkgconfig/px4_realsense_bridge.pc)
Cleaning: (/home/amov/huasflylab/t265/devel/.private/px4_realsense_bridge/share/px4_realsense_bridge/cmake/px4_realsense_bridgeConfig.cmake, /home/amov/huasflylab/t265/devel/share/px4_realsense_bridge/cmake/px4_realsense_bridgeConfig.cmake)
Cleaning: (/home/amov/huasflylab/t265/devel/.private/px4_realsense_bridge/share/px4_realsense_bridge/cmake/px4_realsense_bridgeConfig-version.cmake, /home/amov/huasflylab/t265/devel/share/px4_realsense_bridge/cmake/px4_realsense_bridgeConfig-version.cmake)
Unlinking: /home/amov/huasflylab/t265/devel/lib/libpx4_realsense_bridge.so
Already unlinked: {}
Unlinking: /home/amov/huasflylab/t265/devel/lib/px4_realsense_bridge/px4_realsense_bridge_node
Already unlinked: {}
Unlinking: /home/amov/huasflylab/t265/devel/lib/pkgconfig/px4_realsense_bridge.pc
Already unlinked: {}
Unlinking: /home/amov/huasflylab/t265/devel/share/px4_realsense_bridge/cmake/px4_realsense_bridgeConfig.cmake
Already unlinked: {}
Unlinking: /home/amov/huasflylab/t265/devel/share/px4_realsense_bridge/cmake/px4_realsense_bridgeConfig-version.cmake
Already unlinked: {}
