Determining if the pthread_create exist failed with the following output:
Change Dir: /home/amov/huasflylab/catkin_ws/build/px4_realsense_bridge/CMakeFiles/CMakeTmp

Run Build Command:"/usr/bin/make" "cmTC_406b9/fast"
/usr/bin/make -f CMakeFiles/cmTC_406b9.dir/build.make CMakeFiles/cmTC_406b9.dir/build
make[1]: Entering directory '/home/amov/huasflylab/catkin_ws/build/px4_realsense_bridge/CMakeFiles/CMakeTmp'
Building C object CMakeFiles/cmTC_406b9.dir/CheckSymbolExists.c.o
/usr/bin/cc    -o CMakeFiles/cmTC_406b9.dir/CheckSymbolExists.c.o   -c /home/amov/huasflylab/catkin_ws/build/px4_realsense_bridge/CMakeFiles/CMakeTmp/CheckSymbolExists.c
Linking C executable cmTC_406b9
/usr/bin/cmake -E cmake_link_script CMakeFiles/cmTC_406b9.dir/link.txt --verbose=1
/usr/bin/cc      -rdynamic CMakeFiles/cmTC_406b9.dir/CheckSymbolExists.c.o  -o cmTC_406b9 
CMakeFiles/cmTC_406b9.dir/CheckSymbolExists.c.o: In function `main':
CheckSymbolExists.c:(.text+0x14): undefined reference to `pthread_create'
CheckSymbolExists.c:(.text+0x18): undefined reference to `pthread_create'
collect2: error: ld returned 1 exit status
CMakeFiles/cmTC_406b9.dir/build.make:97: recipe for target 'cmTC_406b9' failed
make[1]: *** [cmTC_406b9] Error 1
make[1]: Leaving directory '/home/amov/huasflylab/catkin_ws/build/px4_realsense_bridge/CMakeFiles/CMakeTmp'
Makefile:126: recipe for target 'cmTC_406b9/fast' failed
make: *** [cmTC_406b9/fast] Error 2

File /home/amov/huasflylab/catkin_ws/build/px4_realsense_bridge/CMakeFiles/CMakeTmp/CheckSymbolExists.c:
/* */
#include <pthread.h>

int main(int argc, char** argv)
{
  (void)argv;
#ifndef pthread_create
  return ((int*)(&pthread_create))[argc];
#else
  (void)argc;
  return 0;
#endif
}

Determining if the function pthread_create exists in the pthreads failed with the following output:
Change Dir: /home/amov/huasflylab/catkin_ws/build/px4_realsense_bridge/CMakeFiles/CMakeTmp

Run Build Command:"/usr/bin/make" "cmTC_96cab/fast"
/usr/bin/make -f CMakeFiles/cmTC_96cab.dir/build.make CMakeFiles/cmTC_96cab.dir/build
make[1]: Entering directory '/home/amov/huasflylab/catkin_ws/build/px4_realsense_bridge/CMakeFiles/CMakeTmp'
Building C object CMakeFiles/cmTC_96cab.dir/CheckFunctionExists.c.o
/usr/bin/cc   -DCHECK_FUNCTION_EXISTS=pthread_create   -o CMakeFiles/cmTC_96cab.dir/CheckFunctionExists.c.o   -c /usr/share/cmake-3.10/Modules/CheckFunctionExists.c
Linking C executable cmTC_96cab
/usr/bin/cmake -E cmake_link_script CMakeFiles/cmTC_96cab.dir/link.txt --verbose=1
/usr/bin/cc  -DCHECK_FUNCTION_EXISTS=pthread_create    -rdynamic CMakeFiles/cmTC_96cab.dir/CheckFunctionExists.c.o  -o cmTC_96cab -lpthreads 
/usr/bin/ld: cannot find -lpthreads
collect2: error: ld returned 1 exit status
CMakeFiles/cmTC_96cab.dir/build.make:97: recipe for target 'cmTC_96cab' failed
make[1]: *** [cmTC_96cab] Error 1
make[1]: Leaving directory '/home/amov/huasflylab/catkin_ws/build/px4_realsense_bridge/CMakeFiles/CMakeTmp'
Makefile:126: recipe for target 'cmTC_96cab/fast' failed
make: *** [cmTC_96cab/fast] Error 2


