Determining if the pthread_create exist failed with the following output:
Change Dir: /home/amov/huasflylab/t265/build/catkin_tools_prebuild/CMakeFiles/CMakeTmp

Run Build Command:"/usr/bin/make" "cmTC_eaf70/fast"
/usr/bin/make -f CMakeFiles/cmTC_eaf70.dir/build.make CMakeFiles/cmTC_eaf70.dir/build
make[1]: Entering directory '/home/amov/huasflylab/t265/build/catkin_tools_prebuild/CMakeFiles/CMakeTmp'
Building C object CMakeFiles/cmTC_eaf70.dir/CheckSymbolExists.c.o
/usr/bin/cc    -o CMakeFiles/cmTC_eaf70.dir/CheckSymbolExists.c.o   -c /home/amov/huasflylab/t265/build/catkin_tools_prebuild/CMakeFiles/CMakeTmp/CheckSymbolExists.c
Linking C executable cmTC_eaf70
/usr/bin/cmake -E cmake_link_script CMakeFiles/cmTC_eaf70.dir/link.txt --verbose=1
/usr/bin/cc      -rdynamic CMakeFiles/cmTC_eaf70.dir/CheckSymbolExists.c.o  -o cmTC_eaf70 
CMakeFiles/cmTC_eaf70.dir/CheckSymbolExists.c.o: In function `main':
CheckSymbolExists.c:(.text+0x14): undefined reference to `pthread_create'
CheckSymbolExists.c:(.text+0x18): undefined reference to `pthread_create'
collect2: error: ld returned 1 exit status
CMakeFiles/cmTC_eaf70.dir/build.make:97: recipe for target 'cmTC_eaf70' failed
make[1]: *** [cmTC_eaf70] Error 1
make[1]: Leaving directory '/home/amov/huasflylab/t265/build/catkin_tools_prebuild/CMakeFiles/CMakeTmp'
Makefile:126: recipe for target 'cmTC_eaf70/fast' failed
make: *** [cmTC_eaf70/fast] Error 2

File /home/amov/huasflylab/t265/build/catkin_tools_prebuild/CMakeFiles/CMakeTmp/CheckSymbolExists.c:
/* */
#include <pthread.h>

int main(int argc, char** argv)
{
  (void)argv;
#ifndef pthread_create
  return ((int*)(&pthread_create))[argc];
#else
  (void)argc;
  return 0;
#endif
}

Determining if the function pthread_create exists in the pthreads failed with the following output:
Change Dir: /home/amov/huasflylab/t265/build/catkin_tools_prebuild/CMakeFiles/CMakeTmp

Run Build Command:"/usr/bin/make" "cmTC_f9f9a/fast"
/usr/bin/make -f CMakeFiles/cmTC_f9f9a.dir/build.make CMakeFiles/cmTC_f9f9a.dir/build
make[1]: Entering directory '/home/amov/huasflylab/t265/build/catkin_tools_prebuild/CMakeFiles/CMakeTmp'
Building C object CMakeFiles/cmTC_f9f9a.dir/CheckFunctionExists.c.o
/usr/bin/cc   -DCHECK_FUNCTION_EXISTS=pthread_create   -o CMakeFiles/cmTC_f9f9a.dir/CheckFunctionExists.c.o   -c /usr/share/cmake-3.10/Modules/CheckFunctionExists.c
Linking C executable cmTC_f9f9a
/usr/bin/cmake -E cmake_link_script CMakeFiles/cmTC_f9f9a.dir/link.txt --verbose=1
/usr/bin/cc  -DCHECK_FUNCTION_EXISTS=pthread_create    -rdynamic CMakeFiles/cmTC_f9f9a.dir/CheckFunctionExists.c.o  -o cmTC_f9f9a -lpthreads 
/usr/bin/ld: cannot find -lpthreads
collect2: error: ld returned 1 exit status
CMakeFiles/cmTC_f9f9a.dir/build.make:97: recipe for target 'cmTC_f9f9a' failed
make[1]: *** [cmTC_f9f9a] Error 1
make[1]: Leaving directory '/home/amov/huasflylab/t265/build/catkin_tools_prebuild/CMakeFiles/CMakeTmp'
Makefile:126: recipe for target 'cmTC_f9f9a/fast' failed
make: *** [cmTC_f9f9a/fast] Error 2


